# Logfile created on 2025-01-01 02:11:14 +0000 by logger.rb/v1.6.0
I, [2025-01-01T02:11:14.728015 #1]  INFO -- : Using GitHub Features: Defaults
I, [2025-01-01T02:11:14.729264 #1]  INFO -- request: GET https://dev.azure.com/MGMResortsDigitalEngineering/Payment%20Services/_apis/build/definitions/1636?api-version=5.0
I, [2025-01-01T02:11:14.802702 #1]  INFO -- response: Status 200
I, [2025-01-01T02:11:14.839105 #1]  INFO -- request: GET https://api.github.com/repos/MGMResorts/pd-payments-audit-trail/contents/azure/azure-pipelines.yml?ref=refs%2Fheads%2Fdevelop
I, [2025-01-01T02:11:15.001912 #1]  INFO -- response: Status 200
I, [2025-01-01T02:11:15.004289 #1]  INFO -- request: GET https://dev.azure.com/MGMResortsDigitalEngineering/Payment%20Services/_apis/serviceendpoint/endpoints?api-version=5.0-preview
I, [2025-01-01T02:11:15.106640 #1]  INFO -- response: Status 200
I, [2025-01-01T02:11:15.108159 #1]  INFO -- request: GET https://dev.azure.com/MGMResortsDigitalEngineering/Payment%20Services/_apis/distributedtask/variablegroups?api-version=5.0-preview&queryOrder=idDescending
I, [2025-01-01T02:11:15.180253 #1]  INFO -- response: Status 200
I, [2025-01-01T02:11:15.181589 #1]  INFO -- request: GET https://dev.azure.com/MGMResortsDigitalEngineering/Payment%20Services/_apis/distributedtask/taskgroups?api-version=5.0-preview
I, [2025-01-01T02:11:15.252067 #1]  INFO -- response: Status 200
I, [2025-01-01T02:11:15.266690 #1]  INFO -- request: GET https://dev.azure.com/MGMResortsDigitalEngineering/_apis/distributedtask/tasks?api-version=5.0-preview
I, [2025-01-01T02:11:15.693475 #1]  INFO -- response: Status 200
D, [2025-01-01T02:11:15.751041 #1] DEBUG -- : [Transformers::AzureDevops::Pipeline::Steps]: Failed to locate transformer for 'JavaToolInstaller@0'
W, [2025-01-01T02:11:15.751126 #1]  WARN -- : There was an error tranforming step, and an array is being surfaced: JavaToolInstaller@0
D, [2025-01-01T02:11:15.751290 #1] DEBUG -- : [Transformers::AzureDevops::Pipeline::Steps]: Located transformer for 'script'
W, [2025-01-01T02:11:15.751416 #1]  WARN -- : There was an error tranforming step, and an array is being surfaced: script
D, [2025-01-01T02:11:15.751578 #1] DEBUG -- : [Transformers::AzureDevops::Pipeline::Steps]: Located transformer for 'CopyFiles@2'
W, [2025-01-01T02:11:15.752090 #1]  WARN -- : There was an error tranforming step, and an array is being surfaced: CopyFiles@2
D, [2025-01-01T02:11:15.752314 #1] DEBUG -- : [Transformers::AzureDevops::Pipeline::Steps]: Located transformer for 'ArchiveFiles@2'
W, [2025-01-01T02:11:15.752461 #1]  WARN -- : There was an error tranforming step, and an array is being surfaced: ArchiveFiles@2
D, [2025-01-01T02:11:15.755549 #1] DEBUG -- : [Transformers::AzureDevops::Pipeline::Steps]: Located transformer for 'PublishPipelineArtifact@1'
W, [2025-01-01T02:11:15.755919 #1]  WARN -- : There was an error tranforming step, and an array is being surfaced: PublishPipelineArtifact@1
D, [2025-01-01T02:11:15.756653 #1] DEBUG -- : [Transformers::AzureDevops::Pipeline::On]: Located transformer for 'continuousIntegration'
D, [2025-01-01T02:11:15.756730 #1] DEBUG -- : [Transformers::AzureDevops::Pipeline::On]: Located transformer for 'pullRequest'
I, [2025-01-01T02:11:15.814044 #1]  INFO -- : Output file(s):
I, [2025-01-01T02:11:15.817432 #1]  INFO -- :   tmp/dry-run/pipelines/Payment_Services/Payment_Diversity_[CNP]/MGMResorts.pd-payments-audit-trail/.github/workflows/mgmresorts.pd-payments-audit-trail.yml
