# Logfile created on 2025-01-01 01:35:34 +0000 by logger.rb/v1.6.0
I, [2025-01-01T01:35:34.805638 #1]  INFO -- : Using GitHub Features: Defaults
I, [2025-01-01T01:35:34.806666 #1]  INFO -- request: GET https://dev.azure.com/MGMResortsDigitalEngineering/Payment%20Services/_apis/build/definitions/1636?api-version=5.0
I, [2025-01-01T01:35:35.229567 #1]  INFO -- response: Status 200
I, [2025-01-01T01:35:35.262835 #1]  INFO -- request: GET https://api.github.com/repos/MGMResorts/pd-payments-audit-trail/contents/azure/azure-pipelines.yml?ref=refs%2Fheads%2Fdevelop
I, [2025-01-01T01:35:35.560199 #1]  INFO -- response: Status 200
I, [2025-01-01T01:35:35.563934 #1]  INFO -- request: GET https://dev.azure.com/MGMResortsDigitalEngineering/Payment%20Services/_apis/serviceendpoint/endpoints?api-version=5.0-preview
I, [2025-01-01T01:35:35.689614 #1]  INFO -- response: Status 200
I, [2025-01-01T01:35:35.693677 #1]  INFO -- request: GET https://dev.azure.com/MGMResortsDigitalEngineering/Payment%20Services/_apis/distributedtask/variablegroups?api-version=5.0-preview&queryOrder=idDescending
I, [2025-01-01T01:35:35.794640 #1]  INFO -- response: Status 200
I, [2025-01-01T01:35:35.802085 #1]  INFO -- request: GET https://dev.azure.com/MGMResortsDigitalEngineering/Payment%20Services/_apis/distributedtask/taskgroups?api-version=5.0-preview
I, [2025-01-01T01:35:36.004080 #1]  INFO -- response: Status 200
I, [2025-01-01T01:35:36.017144 #1]  INFO -- request: GET https://dev.azure.com/MGMResortsDigitalEngineering/_apis/distributedtask/tasks?api-version=5.0-preview
I, [2025-01-01T01:35:36.437487 #1]  INFO -- response: Status 200
D, [2025-01-01T01:35:36.512459 #1] DEBUG -- : [Transformers::AzureDevops::Pipeline::Steps]: Failed to locate transformer for 'JavaToolInstaller@0'
W, [2025-01-01T01:35:36.512578 #1]  WARN -- : There was an error tranforming step, and an array is being surfaced: JavaToolInstaller@0
D, [2025-01-01T01:35:36.512762 #1] DEBUG -- : [Transformers::AzureDevops::Pipeline::Steps]: Located transformer for 'script'
W, [2025-01-01T01:35:36.512905 #1]  WARN -- : There was an error tranforming step, and an array is being surfaced: script
D, [2025-01-01T01:35:36.513078 #1] DEBUG -- : [Transformers::AzureDevops::Pipeline::Steps]: Located transformer for 'CopyFiles@2'
W, [2025-01-01T01:35:36.513598 #1]  WARN -- : There was an error tranforming step, and an array is being surfaced: CopyFiles@2
D, [2025-01-01T01:35:36.513830 #1] DEBUG -- : [Transformers::AzureDevops::Pipeline::Steps]: Located transformer for 'ArchiveFiles@2'
W, [2025-01-01T01:35:36.514002 #1]  WARN -- : There was an error tranforming step, and an array is being surfaced: ArchiveFiles@2
D, [2025-01-01T01:35:36.514188 #1] DEBUG -- : [Transformers::AzureDevops::Pipeline::Steps]: Located transformer for 'PublishPipelineArtifact@1'
W, [2025-01-01T01:35:36.514542 #1]  WARN -- : There was an error tranforming step, and an array is being surfaced: PublishPipelineArtifact@1
D, [2025-01-01T01:35:36.515339 #1] DEBUG -- : [Transformers::AzureDevops::Pipeline::On]: Located transformer for 'continuousIntegration'
D, [2025-01-01T01:35:36.515420 #1] DEBUG -- : [Transformers::AzureDevops::Pipeline::On]: Located transformer for 'pullRequest'
I, [2025-01-01T01:35:36.574735 #1]  INFO -- : Output file(s):
I, [2025-01-01T01:35:36.578037 #1]  INFO -- :   tmp/dry-run/pipelines/Payment_Services/Payment_Diversity_[CNP]/MGMResorts.pd-payments-audit-trail/.github/workflows/mgmresorts.pd-payments-audit-trail.yml
