# Logfile created on 2025-01-02 16:10:19 +0000 by logger.rb/v1.6.0
I, [2025-01-02T16:10:19.585539 #1]  INFO -- : Using GitHub Features: Defaults
I, [2025-01-02T16:10:19.586694 #1]  INFO -- request: GET https://dev.azure.com/MGMResortsDigitalEngineering/Payment%20Services/_apis/build/definitions/1636?api-version=5.0
I, [2025-01-02T16:10:19.675219 #1]  INFO -- response: Status 200
I, [2025-01-02T16:10:19.708284 #1]  INFO -- request: GET https://api.github.com/repos/MGMResorts/pd-payments-audit-trail/contents/azure/azure-pipelines.yml?ref=refs%2Fheads%2Fdevelop
I, [2025-01-02T16:10:19.885142 #1]  INFO -- response: Status 200
I, [2025-01-02T16:10:19.887351 #1]  INFO -- request: GET https://dev.azure.com/MGMResortsDigitalEngineering/Payment%20Services/_apis/serviceendpoint/endpoints?api-version=5.0-preview
I, [2025-01-02T16:10:19.986802 #1]  INFO -- response: Status 200
I, [2025-01-02T16:10:19.988153 #1]  INFO -- request: GET https://dev.azure.com/MGMResortsDigitalEngineering/Payment%20Services/_apis/distributedtask/variablegroups?api-version=5.0-preview&queryOrder=idDescending
I, [2025-01-02T16:10:20.063939 #1]  INFO -- response: Status 200
I, [2025-01-02T16:10:20.065352 #1]  INFO -- request: GET https://dev.azure.com/MGMResortsDigitalEngineering/Payment%20Services/_apis/distributedtask/taskgroups?api-version=5.0-preview
I, [2025-01-02T16:10:20.135553 #1]  INFO -- response: Status 200
I, [2025-01-02T16:10:20.148529 #1]  INFO -- request: GET https://dev.azure.com/MGMResortsDigitalEngineering/_apis/distributedtask/tasks?api-version=5.0-preview
I, [2025-01-02T16:10:20.585605 #1]  INFO -- response: Status 200
D, [2025-01-02T16:10:20.642312 #1] DEBUG -- : [Transformers::AzureDevops::Pipeline::Steps]: Failed to locate transformer for 'JavaToolInstaller@0'
W, [2025-01-02T16:10:20.642395 #1]  WARN -- : There was an error tranforming step, and an array is being surfaced: JavaToolInstaller@0
D, [2025-01-02T16:10:20.642568 #1] DEBUG -- : [Transformers::AzureDevops::Pipeline::Steps]: Located transformer for 'script'
W, [2025-01-02T16:10:20.642699 #1]  WARN -- : There was an error tranforming step, and an array is being surfaced: script
D, [2025-01-02T16:10:20.642887 #1] DEBUG -- : [Transformers::AzureDevops::Pipeline::Steps]: Located transformer for 'CopyFiles@2'
W, [2025-01-02T16:10:20.643434 #1]  WARN -- : There was an error tranforming step, and an array is being surfaced: CopyFiles@2
D, [2025-01-02T16:10:20.643666 #1] DEBUG -- : [Transformers::AzureDevops::Pipeline::Steps]: Located transformer for 'ArchiveFiles@2'
W, [2025-01-02T16:10:20.643813 #1]  WARN -- : There was an error tranforming step, and an array is being surfaced: ArchiveFiles@2
D, [2025-01-02T16:10:20.646853 #1] DEBUG -- : [Transformers::AzureDevops::Pipeline::Steps]: Located transformer for 'PublishPipelineArtifact@1'
W, [2025-01-02T16:10:20.647228 #1]  WARN -- : There was an error tranforming step, and an array is being surfaced: PublishPipelineArtifact@1
D, [2025-01-02T16:10:20.647966 #1] DEBUG -- : [Transformers::AzureDevops::Pipeline::On]: Located transformer for 'continuousIntegration'
D, [2025-01-02T16:10:20.648047 #1] DEBUG -- : [Transformers::AzureDevops::Pipeline::On]: Located transformer for 'pullRequest'
I, [2025-01-02T16:10:20.705523 #1]  INFO -- : Output file(s):
I, [2025-01-02T16:10:20.709788 #1]  INFO -- :   tmp/dry-run/pipelines/Payment_Services/Payment_Diversity_[CNP]/MGMResorts.pd-payments-audit-trail/.github/workflows/mgmresorts.pd-payments-audit-trail.yml
