# Logfile created on 2025-01-01 00:53:21 +0000 by logger.rb/v1.6.0
I, [2025-01-01T00:53:21.306104 #1]  INFO -- : Using GitHub Features: Defaults
I, [2025-01-01T00:53:21.307032 #1]  INFO -- request: GET https://dev.azure.com/MGMResortsDigitalEngineering/Payment%20Services/_apis/build/definitions/1636?api-version=5.0
I, [2025-01-01T00:53:21.431045 #1]  INFO -- response: Status 200
I, [2025-01-01T00:53:21.464066 #1]  INFO -- request: GET https://api.github.com/repos/MGMResorts/pd-payments-audit-trail/contents/azure/azure-pipelines.yml?ref=refs%2Fheads%2Fdevelop
I, [2025-01-01T00:53:21.642732 #1]  INFO -- response: Status 200
I, [2025-01-01T00:53:21.644795 #1]  INFO -- request: GET https://dev.azure.com/MGMResortsDigitalEngineering/Payment%20Services/_apis/serviceendpoint/endpoints?api-version=5.0-preview
I, [2025-01-01T00:53:21.889856 #1]  INFO -- response: Status 200
I, [2025-01-01T00:53:21.892764 #1]  INFO -- request: GET https://dev.azure.com/MGMResortsDigitalEngineering/Payment%20Services/_apis/distributedtask/variablegroups?api-version=5.0-preview&queryOrder=idDescending
I, [2025-01-01T00:53:22.045920 #1]  INFO -- response: Status 200
I, [2025-01-01T00:53:22.051340 #1]  INFO -- request: GET https://dev.azure.com/MGMResortsDigitalEngineering/Payment%20Services/_apis/distributedtask/taskgroups?api-version=5.0-preview
I, [2025-01-01T00:53:22.123467 #1]  INFO -- response: Status 200
I, [2025-01-01T00:53:22.140852 #1]  INFO -- request: GET https://dev.azure.com/MGMResortsDigitalEngineering/_apis/distributedtask/tasks?api-version=5.0-preview
I, [2025-01-01T00:53:22.472854 #1]  INFO -- response: Status 200
D, [2025-01-01T00:53:22.551797 #1] DEBUG -- : [Transformers::AzureDevops::Pipeline::Steps]: Failed to locate transformer for 'JavaToolInstaller@0'
W, [2025-01-01T00:53:22.551887 #1]  WARN -- : There was an error tranforming step, and an array is being surfaced: JavaToolInstaller@0
D, [2025-01-01T00:53:22.552051 #1] DEBUG -- : [Transformers::AzureDevops::Pipeline::Steps]: Located transformer for 'script'
W, [2025-01-01T00:53:22.552182 #1]  WARN -- : There was an error tranforming step, and an array is being surfaced: script
D, [2025-01-01T00:53:22.552345 #1] DEBUG -- : [Transformers::AzureDevops::Pipeline::Steps]: Located transformer for 'CopyFiles@2'
W, [2025-01-01T00:53:22.552828 #1]  WARN -- : There was an error tranforming step, and an array is being surfaced: CopyFiles@2
D, [2025-01-01T00:53:22.553050 #1] DEBUG -- : [Transformers::AzureDevops::Pipeline::Steps]: Located transformer for 'ArchiveFiles@2'
W, [2025-01-01T00:53:22.553202 #1]  WARN -- : There was an error tranforming step, and an array is being surfaced: ArchiveFiles@2
D, [2025-01-01T00:53:22.553379 #1] DEBUG -- : [Transformers::AzureDevops::Pipeline::Steps]: Located transformer for 'PublishPipelineArtifact@1'
W, [2025-01-01T00:53:22.553729 #1]  WARN -- : There was an error tranforming step, and an array is being surfaced: PublishPipelineArtifact@1
D, [2025-01-01T00:53:22.554493 #1] DEBUG -- : [Transformers::AzureDevops::Pipeline::On]: Located transformer for 'continuousIntegration'
D, [2025-01-01T00:53:22.554608 #1] DEBUG -- : [Transformers::AzureDevops::Pipeline::On]: Located transformer for 'pullRequest'
I, [2025-01-01T00:53:22.615882 #1]  INFO -- : Output file(s):
I, [2025-01-01T00:53:22.619493 #1]  INFO -- :   tmp/dry-run/pipelines/Payment_Services/Payment_Diversity_[CNP]/MGMResorts.pd-payments-audit-trail/.github/workflows/mgmresorts.pd-payments-audit-trail.yml
